<?xml version="1.0" encoding="UTF-8"?>
<testsuite name="TestMarchandise" tests="1" skipped="0" failures="0" errors="0" timestamp="2022-03-15T13:01:30" hostname="U-INF-J-E113-18" time="0.013">
  <properties/>
  <testcase name="testCargaisonRoutiere()" classname="TestMarchandise" time="0.013"/>
  <system-out><![CDATA[]]></system-out>
  <system-err><![CDATA[]]></system-err>
</testsuite>
