<?xml version="1.0" encoding="UTF-8"?>
<testsuite name="TestListeChainee" tests="1" skipped="0" failures="0" errors="0" timestamp="2022-05-05T19:43:41" hostname="MICHAÃ‹L" time="0.018">
  <properties/>
  <testcase name="liste vide - inserer 4 exception()" classname="TestListeChainee" time="0.018"/>
  <system-out><![CDATA[]]></system-out>
  <system-err><![CDATA[]]></system-err>
</testsuite>
